2020-06-27 09:30:42,323 [ModalContext] INFO  o.e.m.c.i.e.AbstractTransferListenerAdapter - Downloading https://repo.maven.apache.org/maven2/org/apache/maven/archetypes/maven-archetype-webapp/1.0/maven-archetype-webapp-1.0.jar
2020-06-27 09:30:42,366 [ModalContext] INFO  o.e.m.c.i.e.AbstractTransferListenerAdapter - Downloaded https://repo.maven.apache.org/maven2/org/apache/maven/archetypes/maven-archetype-webapp/1.0/maven-archetype-webapp-1.0.jar
2020-06-27 09:30:42,399 [ModalContext] INFO  o.e.m.c.i.e.AbstractTransferListenerAdapter - Downloading https://repo.maven.apache.org/maven2/org/apache/maven/archetypes/maven-archetype-webapp/1.0/maven-archetype-webapp-1.0.pom
2020-06-27 09:30:42,424 [ModalContext] INFO  o.e.m.c.i.e.AbstractTransferListenerAdapter - Downloaded https://repo.maven.apache.org/maven2/org/apache/maven/archetypes/maven-archetype-webapp/1.0/maven-archetype-webapp-1.0.pom
2020-06-27 09:31:29,154 [Worker-5] INFO  o.e.m.c.i.p.ProjectConfigurationManager - Collecting project info '/pom.xml' C:\Desenv\Projetos3\graficos\pom.xml
2020-06-27 09:31:30,099 [Worker-5] INFO  o.e.m.c.i.e.AbstractTransferListenerAdapter - Downloading https://repo.maven.apache.org/maven2/org/apache/maven/plugins/maven-compiler-plugin/3.1/maven-compiler-plugin-3.1.jar
2020-06-27 09:31:30,158 [Worker-5] INFO  o.e.m.c.i.e.AbstractTransferListenerAdapter - Downloaded https://repo.maven.apache.org/maven2/org/apache/maven/plugins/maven-compiler-plugin/3.1/maven-compiler-plugin-3.1.jar
2020-06-27 09:31:30,294 [Worker-5] INFO  o.e.m.c.i.e.AbstractTransferListenerAdapter - Downloading https://repo.maven.apache.org/maven2/org/apache/maven/plugins/maven-compiler-plugin/3.1/maven-compiler-plugin-3.1.pom
2020-06-27 09:31:30,322 [Worker-5] INFO  o.e.m.c.i.e.AbstractTransferListenerAdapter - Downloaded https://repo.maven.apache.org/maven2/org/apache/maven/plugins/maven-compiler-plugin/3.1/maven-compiler-plugin-3.1.pom
2020-06-27 09:31:30,357 [Worker-5] INFO  o.e.m.c.i.e.AbstractTransferListenerAdapter - Downloading https://repo.maven.apache.org/maven2/org/apache/maven/plugins/maven-plugins/24/maven-plugins-24.pom
2020-06-27 09:31:30,378 [Worker-5] INFO  o.e.m.c.i.e.AbstractTransferListenerAdapter - Downloaded https://repo.maven.apache.org/maven2/org/apache/maven/plugins/maven-plugins/24/maven-plugins-24.pom
2020-06-27 09:31:30,530 [Worker-5] INFO  o.e.m.c.i.e.AbstractTransferListenerAdapter - Downloading https://repo.maven.apache.org/maven2/org/codehaus/plexus/plexus-utils/1.5.1/plexus-utils-1.5.1.pom
2020-06-27 09:31:30,906 [Worker-5] INFO  o.e.m.c.i.e.AbstractTransferListenerAdapter - Downloaded https://repo.maven.apache.org/maven2/org/codehaus/plexus/plexus-utils/1.5.1/plexus-utils-1.5.1.pom
2020-06-27 09:31:31,029 [Worker-5] INFO  o.e.m.c.i.e.AbstractTransferListenerAdapter - Downloading https://repo.maven.apache.org/maven2/org/apache/maven/maven-toolchain/1.0/maven-toolchain-1.0.pom
2020-06-27 09:31:31,053 [Worker-5] INFO  o.e.m.c.i.e.AbstractTransferListenerAdapter - Downloaded https://repo.maven.apache.org/maven2/org/apache/maven/maven-toolchain/1.0/maven-toolchain-1.0.pom
2020-06-27 09:31:31,594 [Worker-5] INFO  o.e.m.c.i.e.AbstractTransferListenerAdapter - Downloading https://repo.maven.apache.org/maven2/org/codehaus/plexus/plexus-compiler-api/2.2/plexus-compiler-api-2.2.pom
2020-06-27 09:31:31,627 [Worker-5] INFO  o.e.m.c.i.e.AbstractTransferListenerAdapter - Downloaded https://repo.maven.apache.org/maven2/org/codehaus/plexus/plexus-compiler-api/2.2/plexus-compiler-api-2.2.pom
2020-06-27 09:31:31,654 [Worker-5] INFO  o.e.m.c.i.e.AbstractTransferListenerAdapter - Downloading https://repo.maven.apache.org/maven2/org/codehaus/plexus/plexus-compiler/2.2/plexus-compiler-2.2.pom
2020-06-27 09:31:31,679 [Worker-5] INFO  o.e.m.c.i.e.AbstractTransferListenerAdapter - Downloaded https://repo.maven.apache.org/maven2/org/codehaus/plexus/plexus-compiler/2.2/plexus-compiler-2.2.pom
2020-06-27 09:31:31,732 [Worker-5] INFO  o.e.m.c.i.e.AbstractTransferListenerAdapter - Downloading https://repo.maven.apache.org/maven2/org/codehaus/plexus/plexus-compiler-manager/2.2/plexus-compiler-manager-2.2.pom
2020-06-27 09:31:31,753 [Worker-5] INFO  o.e.m.c.i.e.AbstractTransferListenerAdapter - Downloaded https://repo.maven.apache.org/maven2/org/codehaus/plexus/plexus-compiler-manager/2.2/plexus-compiler-manager-2.2.pom
2020-06-27 09:31:31,781 [Worker-5] INFO  o.e.m.c.i.e.AbstractTransferListenerAdapter - Downloading https://repo.maven.apache.org/maven2/org/codehaus/plexus/plexus-compiler-javac/2.2/plexus-compiler-javac-2.2.pom
2020-06-27 09:31:31,806 [Worker-5] INFO  o.e.m.c.i.e.AbstractTransferListenerAdapter - Downloaded https://repo.maven.apache.org/maven2/org/codehaus/plexus/plexus-compiler-javac/2.2/plexus-compiler-javac-2.2.pom
2020-06-27 09:31:31,831 [Worker-5] INFO  o.e.m.c.i.e.AbstractTransferListenerAdapter - Downloading https://repo.maven.apache.org/maven2/org/codehaus/plexus/plexus-compilers/2.2/plexus-compilers-2.2.pom
2020-06-27 09:31:31,853 [Worker-5] INFO  o.e.m.c.i.e.AbstractTransferListenerAdapter - Downloaded https://repo.maven.apache.org/maven2/org/codehaus/plexus/plexus-compilers/2.2/plexus-compilers-2.2.pom
2020-06-27 09:31:32,003 [Worker-5] INFO  o.e.m.c.i.e.AbstractTransferListenerAdapter - Downloading https://repo.maven.apache.org/maven2/org/codehaus/plexus/plexus-utils/1.5.1/plexus-utils-1.5.1.jar
2020-06-27 09:31:32,071 [Worker-5] INFO  o.e.m.c.i.e.AbstractTransferListenerAdapter - Downloaded https://repo.maven.apache.org/maven2/org/codehaus/plexus/plexus-utils/1.5.1/plexus-utils-1.5.1.jar
2020-06-27 09:31:32,088 [Worker-5] INFO  o.e.m.c.i.e.AbstractTransferListenerAdapter - Downloading https://repo.maven.apache.org/maven2/org/apache/maven/maven-toolchain/1.0/maven-toolchain-1.0.jar
2020-06-27 09:31:32,138 [Worker-5] INFO  o.e.m.c.i.e.AbstractTransferListenerAdapter - Downloaded https://repo.maven.apache.org/maven2/org/apache/maven/maven-toolchain/1.0/maven-toolchain-1.0.jar
2020-06-27 09:31:32,155 [Worker-5] INFO  o.e.m.c.i.e.AbstractTransferListenerAdapter - Downloading https://repo.maven.apache.org/maven2/org/apache/maven/shared/maven-shared-utils/0.1/maven-shared-utils-0.1.jar
2020-06-27 09:31:32,205 [Worker-5] INFO  o.e.m.c.i.e.AbstractTransferListenerAdapter - Downloaded https://repo.maven.apache.org/maven2/org/apache/maven/shared/maven-shared-utils/0.1/maven-shared-utils-0.1.jar
2020-06-27 09:31:32,222 [Worker-5] INFO  o.e.m.c.i.e.AbstractTransferListenerAdapter - Downloading https://repo.maven.apache.org/maven2/org/codehaus/plexus/plexus-compiler-api/2.2/plexus-compiler-api-2.2.jar
2020-06-27 09:31:32,244 [Worker-5] INFO  o.e.m.c.i.e.AbstractTransferListenerAdapter - Downloaded https://repo.maven.apache.org/maven2/org/codehaus/plexus/plexus-compiler-api/2.2/plexus-compiler-api-2.2.jar
2020-06-27 09:31:32,270 [Worker-5] INFO  o.e.m.c.i.e.AbstractTransferListenerAdapter - Downloading https://repo.maven.apache.org/maven2/org/codehaus/plexus/plexus-compiler-manager/2.2/plexus-compiler-manager-2.2.jar
2020-06-27 09:31:32,363 [Worker-5] INFO  o.e.m.c.i.e.AbstractTransferListenerAdapter - Downloaded https://repo.maven.apache.org/maven2/org/codehaus/plexus/plexus-compiler-manager/2.2/plexus-compiler-manager-2.2.jar
2020-06-27 09:31:32,385 [Worker-5] INFO  o.e.m.c.i.e.AbstractTransferListenerAdapter - Downloading https://repo.maven.apache.org/maven2/org/codehaus/plexus/plexus-compiler-javac/2.2/plexus-compiler-javac-2.2.jar
2020-06-27 09:31:32,409 [Worker-5] INFO  o.e.m.c.i.e.AbstractTransferListenerAdapter - Downloaded https://repo.maven.apache.org/maven2/org/codehaus/plexus/plexus-compiler-javac/2.2/plexus-compiler-javac-2.2.jar
2020-06-27 09:31:33,010 [Worker-5] INFO  o.e.m.c.i.l.LifecycleMappingFactory - Using org.maven.ide.eclipse.wtp.WarLifecycleMapping lifecycle mapping for MavenProject: com.lima:graficos:0.0.1-SNAPSHOT @ C:\Desenv\Projetos3\graficos\pom.xml.
2020-06-27 09:31:33,945 [Worker-5] INFO  o.e.m.j.i.AbstractJavaProjectConfigurator - Adding source folder /graficos/src/main/java
2020-06-27 09:31:33,948 [Worker-5] INFO  o.e.m.j.i.AbstractJavaProjectConfigurator - Adding resource folder /graficos/src/main/resources
2020-06-27 09:31:33,949 [Worker-5] INFO  o.e.m.j.i.AbstractJavaProjectConfigurator - Adding source folder /graficos/src/test/java
2020-06-27 09:31:38,150 [Worker-5] INFO  o.e.m.c.i.p.ProjectConfigurationManager - Imported and configured 1 project(s) in 8 sec
2020-06-27 09:31:39,675 [Worker-17] WARN  o.e.m.c.i.embedder.EclipseLogger - Using platform encoding (Cp1252 actually) to copy filtered resources, i.e. build is platform dependent!
2020-06-27 09:31:39,691 [Worker-17] INFO  o.e.m.c.i.embedder.EclipseLogger - Copying 0 resource
2020-06-27 09:31:39,696 [Worker-17] WARN  o.e.m.c.i.embedder.EclipseLogger - Using platform encoding (Cp1252 actually) to copy filtered resources, i.e. build is platform dependent!
2020-06-27 09:31:39,697 [Worker-17] INFO  o.e.m.c.i.embedder.EclipseLogger - skip non existing resourceDirectory C:\Desenv\Projetos3\graficos\src\test\resources
2020-06-27 09:33:41,550 [Worker-15] WARN  o.e.m.c.i.embedder.EclipseLogger - Using platform encoding (Cp1252 actually) to copy filtered resources, i.e. build is platform dependent!
2020-06-27 09:33:41,554 [Worker-15] INFO  o.e.m.c.i.embedder.EclipseLogger - Copying 0 resource
2020-06-27 09:33:41,556 [Worker-15] WARN  o.e.m.c.i.embedder.EclipseLogger - Using platform encoding (Cp1252 actually) to copy filtered resources, i.e. build is platform dependent!
2020-06-27 09:33:41,558 [Worker-15] INFO  o.e.m.c.i.embedder.EclipseLogger - skip non existing resourceDirectory C:\Desenv\Projetos3\graficos\src\test\resources
2020-06-27 09:36:30,435 [Worker-15] INFO  o.e.m.c.i.l.LifecycleMappingFactory - Using org.maven.ide.eclipse.wtp.WarLifecycleMapping lifecycle mapping for MavenProject: com.lima:graficos:0.0.1-SNAPSHOT @ C:\Desenv\Projetos3\graficos\pom.xml.
2020-06-27 09:36:30,594 [Worker-15] INFO  o.e.m.c.i.e.AbstractTransferListenerAdapter - Downloading https://repo.maven.apache.org/maven2/com/sun/faces/jsf-api/2.2.9/jsf-api-2.2.9.pom
2020-06-27 09:36:30,680 [Worker-15] INFO  o.e.m.c.i.e.AbstractTransferListenerAdapter - Downloaded https://repo.maven.apache.org/maven2/com/sun/faces/jsf-api/2.2.9/jsf-api-2.2.9.pom
2020-06-27 09:36:30,703 [Worker-15] INFO  o.e.m.c.i.e.AbstractTransferListenerAdapter - Downloading https://repo.maven.apache.org/maven2/com/sun/faces/jsf-impl/2.2.9/jsf-impl-2.2.9.pom
2020-06-27 09:36:30,723 [Worker-15] INFO  o.e.m.c.i.e.AbstractTransferListenerAdapter - Downloaded https://repo.maven.apache.org/maven2/com/sun/faces/jsf-impl/2.2.9/jsf-impl-2.2.9.pom
2020-06-27 09:36:30,860 [Worker-15] INFO  o.e.m.c.i.e.AbstractTransferListenerAdapter - Downloading https://repo.maven.apache.org/maven2/com/sun/faces/jsf-api/2.2.9/jsf-api-2.2.9.jar
2020-06-27 09:36:31,135 [Worker-15] INFO  o.e.m.c.i.e.AbstractTransferListenerAdapter - Downloaded https://repo.maven.apache.org/maven2/com/sun/faces/jsf-api/2.2.9/jsf-api-2.2.9.jar
2020-06-27 09:36:31,291 [Worker-15] INFO  o.e.m.c.i.e.AbstractTransferListenerAdapter - Downloading https://repo.maven.apache.org/maven2/com/sun/faces/jsf-impl/2.2.9/jsf-impl-2.2.9.jar
2020-06-27 09:36:31,833 [Worker-15] INFO  o.e.m.c.i.e.AbstractTransferListenerAdapter - Downloaded https://repo.maven.apache.org/maven2/com/sun/faces/jsf-impl/2.2.9/jsf-impl-2.2.9.jar
2020-06-27 09:36:32,482 [Worker-15] WARN  o.e.m.c.i.embedder.EclipseLogger - Using platform encoding (Cp1252 actually) to copy filtered resources, i.e. build is platform dependent!
2020-06-27 09:36:32,483 [Worker-15] INFO  o.e.m.c.i.embedder.EclipseLogger - Copying 0 resource
2020-06-27 09:36:32,485 [Worker-15] WARN  o.e.m.c.i.embedder.EclipseLogger - Using platform encoding (Cp1252 actually) to copy filtered resources, i.e. build is platform dependent!
2020-06-27 09:36:32,486 [Worker-15] INFO  o.e.m.c.i.embedder.EclipseLogger - skip non existing resourceDirectory C:\Desenv\Projetos3\graficos\src\test\resources
2020-06-27 09:36:32,486 [Worker-15] INFO  o.e.m.w.i.f.ResourceFilteringBuildParticipant - Changed resources require a complete clean of filtered resources of graficos
2020-06-27 09:36:32,487 [Worker-15] INFO  o.e.m.w.i.f.ResourceFilteringBuildParticipant - Executing resource filtering for graficos
2020-06-27 09:36:32,492 [Worker-15] WARN  o.e.m.c.i.embedder.EclipseLogger - Using platform encoding (Cp1252 actually) to copy filtered resources, i.e. build is platform dependent!
2020-06-27 09:36:33,592 [Worker-24] WARN  o.e.m.c.i.embedder.EclipseLogger - Using platform encoding (Cp1252 actually) to copy filtered resources, i.e. build is platform dependent!
2020-06-27 09:36:33,593 [Worker-24] INFO  o.e.m.c.i.embedder.EclipseLogger - Copying 0 resource
2020-06-27 09:36:33,594 [Worker-24] WARN  o.e.m.c.i.embedder.EclipseLogger - Using platform encoding (Cp1252 actually) to copy filtered resources, i.e. build is platform dependent!
2020-06-27 09:36:33,594 [Worker-24] INFO  o.e.m.c.i.embedder.EclipseLogger - skip non existing resourceDirectory C:\Desenv\Projetos3\graficos\src\test\resources
2020-06-27 09:37:34,793 [Worker-10] WARN  o.e.m.c.i.embedder.EclipseLogger - Using platform encoding (Cp1252 actually) to copy filtered resources, i.e. build is platform dependent!
2020-06-27 09:37:34,794 [Worker-10] INFO  o.e.m.c.i.embedder.EclipseLogger - Copying 0 resource
2020-06-27 09:37:34,794 [Worker-10] WARN  o.e.m.c.i.embedder.EclipseLogger - Using platform encoding (Cp1252 actually) to copy filtered resources, i.e. build is platform dependent!
2020-06-27 09:37:34,795 [Worker-10] INFO  o.e.m.c.i.embedder.EclipseLogger - skip non existing resourceDirectory C:\Desenv\Projetos3\graficos\src\test\resources
2020-06-27 09:39:12,392 [Worker-26] WARN  o.e.m.c.i.embedder.EclipseLogger - Using platform encoding (Cp1252 actually) to copy filtered resources, i.e. build is platform dependent!
2020-06-27 09:39:12,395 [Worker-26] INFO  o.e.m.c.i.embedder.EclipseLogger - Copying 0 resource
2020-06-27 09:39:12,401 [Worker-26] WARN  o.e.m.c.i.embedder.EclipseLogger - Using platform encoding (Cp1252 actually) to copy filtered resources, i.e. build is platform dependent!
2020-06-27 09:39:12,402 [Worker-26] INFO  o.e.m.c.i.embedder.EclipseLogger - skip non existing resourceDirectory C:\Desenv\Projetos3\graficos\src\test\resources
2020-06-27 09:39:59,530 [Worker-25] WARN  o.e.m.c.i.embedder.EclipseLogger - Using platform encoding (Cp1252 actually) to copy filtered resources, i.e. build is platform dependent!
2020-06-27 09:39:59,531 [Worker-25] INFO  o.e.m.c.i.embedder.EclipseLogger - Copying 0 resource
2020-06-27 09:39:59,532 [Worker-25] WARN  o.e.m.c.i.embedder.EclipseLogger - Using platform encoding (Cp1252 actually) to copy filtered resources, i.e. build is platform dependent!
2020-06-27 09:39:59,532 [Worker-25] INFO  o.e.m.c.i.embedder.EclipseLogger - skip non existing resourceDirectory C:\Desenv\Projetos3\graficos\src\test\resources
2020-06-27 09:40:04,828 [Worker-10] WARN  o.e.m.c.i.embedder.EclipseLogger - Using platform encoding (Cp1252 actually) to copy filtered resources, i.e. build is platform dependent!
2020-06-27 09:40:04,829 [Worker-10] INFO  o.e.m.c.i.embedder.EclipseLogger - Copying 0 resource
2020-06-27 09:40:04,830 [Worker-10] WARN  o.e.m.c.i.embedder.EclipseLogger - Using platform encoding (Cp1252 actually) to copy filtered resources, i.e. build is platform dependent!
2020-06-27 09:40:04,830 [Worker-10] INFO  o.e.m.c.i.embedder.EclipseLogger - skip non existing resourceDirectory C:\Desenv\Projetos3\graficos\src\test\resources
2020-06-27 09:40:36,742 [Worker-26] WARN  o.e.m.c.i.embedder.EclipseLogger - Using platform encoding (Cp1252 actually) to copy filtered resources, i.e. build is platform dependent!
2020-06-27 09:40:36,742 [Worker-26] INFO  o.e.m.c.i.embedder.EclipseLogger - Copying 0 resource
2020-06-27 09:40:36,744 [Worker-26] WARN  o.e.m.c.i.embedder.EclipseLogger - Using platform encoding (Cp1252 actually) to copy filtered resources, i.e. build is platform dependent!
2020-06-27 09:40:36,745 [Worker-26] INFO  o.e.m.c.i.embedder.EclipseLogger - skip non existing resourceDirectory C:\Desenv\Projetos3\graficos\src\test\resources
2020-06-27 09:40:39,805 [Worker-27] WARN  o.e.m.c.i.embedder.EclipseLogger - Using platform encoding (Cp1252 actually) to copy filtered resources, i.e. build is platform dependent!
2020-06-27 09:40:39,805 [Worker-27] INFO  o.e.m.c.i.embedder.EclipseLogger - Copying 0 resource
2020-06-27 09:40:39,806 [Worker-27] WARN  o.e.m.c.i.embedder.EclipseLogger - Using platform encoding (Cp1252 actually) to copy filtered resources, i.e. build is platform dependent!
2020-06-27 09:40:39,806 [Worker-27] INFO  o.e.m.c.i.embedder.EclipseLogger - skip non existing resourceDirectory C:\Desenv\Projetos3\graficos\src\test\resources
2020-06-27 09:40:56,054 [Worker-26] WARN  o.e.m.c.i.embedder.EclipseLogger - Using platform encoding (Cp1252 actually) to copy filtered resources, i.e. build is platform dependent!
2020-06-27 09:40:56,055 [Worker-26] INFO  o.e.m.c.i.embedder.EclipseLogger - Copying 0 resource
2020-06-27 09:40:56,056 [Worker-26] WARN  o.e.m.c.i.embedder.EclipseLogger - Using platform encoding (Cp1252 actually) to copy filtered resources, i.e. build is platform dependent!
2020-06-27 09:40:56,056 [Worker-26] INFO  o.e.m.c.i.embedder.EclipseLogger - skip non existing resourceDirectory C:\Desenv\Projetos3\graficos\src\test\resources
2020-06-27 09:43:14,408 [Worker-9] WARN  o.e.m.c.i.embedder.EclipseLogger - Using platform encoding (Cp1252 actually) to copy filtered resources, i.e. build is platform dependent!
2020-06-27 09:43:14,424 [Worker-9] INFO  o.e.m.c.i.embedder.EclipseLogger - Copying 0 resource
2020-06-27 09:43:14,428 [Worker-9] WARN  o.e.m.c.i.embedder.EclipseLogger - Using platform encoding (Cp1252 actually) to copy filtered resources, i.e. build is platform dependent!
2020-06-27 09:43:14,429 [Worker-9] INFO  o.e.m.c.i.embedder.EclipseLogger - skip non existing resourceDirectory C:\Desenv\Projetos3\graficos\src\test\resources
2020-06-27 09:43:57,159 [Worker-22] WARN  o.e.m.c.i.embedder.EclipseLogger - Using platform encoding (Cp1252 actually) to copy filtered resources, i.e. build is platform dependent!
2020-06-27 09:43:57,191 [Worker-22] INFO  o.e.m.c.i.embedder.EclipseLogger - Copying 1 resource
2020-06-27 09:43:57,201 [Worker-22] WARN  o.e.m.c.i.embedder.EclipseLogger - Using platform encoding (Cp1252 actually) to copy filtered resources, i.e. build is platform dependent!
2020-06-27 09:43:57,201 [Worker-22] INFO  o.e.m.c.i.embedder.EclipseLogger - skip non existing resourceDirectory C:\Desenv\Projetos3\graficos\src\test\resources
2020-06-27 09:45:09,650 [Worker-20] WARN  o.e.m.c.i.embedder.EclipseLogger - Using platform encoding (Cp1252 actually) to copy filtered resources, i.e. build is platform dependent!
2020-06-27 09:45:09,652 [Worker-20] INFO  o.e.m.c.i.embedder.EclipseLogger - Copying 1 resource
2020-06-27 09:45:09,654 [Worker-20] WARN  o.e.m.c.i.embedder.EclipseLogger - Using platform encoding (Cp1252 actually) to copy filtered resources, i.e. build is platform dependent!
2020-06-27 09:45:09,654 [Worker-20] INFO  o.e.m.c.i.embedder.EclipseLogger - skip non existing resourceDirectory C:\Desenv\Projetos3\graficos\src\test\resources
2020-06-27 09:45:19,078 [Worker-10] WARN  o.e.m.c.i.embedder.EclipseLogger - Using platform encoding (Cp1252 actually) to copy filtered resources, i.e. build is platform dependent!
2020-06-27 09:45:19,079 [Worker-10] INFO  o.e.m.c.i.embedder.EclipseLogger - Copying 1 resource
2020-06-27 09:45:19,083 [Worker-10] WARN  o.e.m.c.i.embedder.EclipseLogger - Using platform encoding (Cp1252 actually) to copy filtered resources, i.e. build is platform dependent!
2020-06-27 09:45:19,084 [Worker-10] INFO  o.e.m.c.i.embedder.EclipseLogger - skip non existing resourceDirectory C:\Desenv\Projetos3\graficos\src\test\resources
2020-06-27 09:45:30,797 [Worker-15] WARN  o.e.m.c.i.embedder.EclipseLogger - Using platform encoding (Cp1252 actually) to copy filtered resources, i.e. build is platform dependent!
2020-06-27 09:45:30,798 [Worker-15] INFO  o.e.m.c.i.embedder.EclipseLogger - Copying 1 resource
2020-06-27 09:45:30,801 [Worker-15] WARN  o.e.m.c.i.embedder.EclipseLogger - Using platform encoding (Cp1252 actually) to copy filtered resources, i.e. build is platform dependent!
2020-06-27 09:45:30,801 [Worker-15] INFO  o.e.m.c.i.embedder.EclipseLogger - skip non existing resourceDirectory C:\Desenv\Projetos3\graficos\src\test\resources
2020-06-27 09:48:46,696 [Worker-11] WARN  o.e.m.c.i.embedder.EclipseLogger - Using platform encoding (Cp1252 actually) to copy filtered resources, i.e. build is platform dependent!
2020-06-27 09:48:46,698 [Worker-11] INFO  o.e.m.c.i.embedder.EclipseLogger - Copying 1 resource
2020-06-27 09:48:46,701 [Worker-11] WARN  o.e.m.c.i.embedder.EclipseLogger - Using platform encoding (Cp1252 actually) to copy filtered resources, i.e. build is platform dependent!
2020-06-27 09:48:46,701 [Worker-11] INFO  o.e.m.c.i.embedder.EclipseLogger - skip non existing resourceDirectory C:\Desenv\Projetos3\graficos\src\test\resources
2020-06-27 09:50:32,957 [Worker-3] WARN  o.e.m.c.i.embedder.EclipseLogger - Using platform encoding (Cp1252 actually) to copy filtered resources, i.e. build is platform dependent!
2020-06-27 09:50:32,963 [Worker-3] INFO  o.e.m.c.i.embedder.EclipseLogger - Copying 1 resource
2020-06-27 09:50:32,966 [Worker-3] WARN  o.e.m.c.i.embedder.EclipseLogger - Using platform encoding (Cp1252 actually) to copy filtered resources, i.e. build is platform dependent!
2020-06-27 09:50:32,967 [Worker-3] INFO  o.e.m.c.i.embedder.EclipseLogger - skip non existing resourceDirectory C:\Desenv\Projetos3\graficos\src\test\resources
2020-06-27 09:50:42,726 [Worker-9] WARN  o.e.m.c.i.embedder.EclipseLogger - Using platform encoding (Cp1252 actually) to copy filtered resources, i.e. build is platform dependent!
2020-06-27 09:50:42,727 [Worker-9] INFO  o.e.m.c.i.embedder.EclipseLogger - Copying 0 resource
2020-06-27 09:50:42,731 [Worker-9] WARN  o.e.m.c.i.embedder.EclipseLogger - Using platform encoding (Cp1252 actually) to copy filtered resources, i.e. build is platform dependent!
2020-06-27 09:50:42,732 [Worker-9] INFO  o.e.m.c.i.embedder.EclipseLogger - skip non existing resourceDirectory C:\Desenv\Projetos3\graficos\src\test\resources
2020-06-27 09:51:10,725 [Worker-3] WARN  o.e.m.c.i.embedder.EclipseLogger - Using platform encoding (Cp1252 actually) to copy filtered resources, i.e. build is platform dependent!
2020-06-27 09:51:10,728 [Worker-3] INFO  o.e.m.c.i.embedder.EclipseLogger - Copying 0 resource
2020-06-27 09:51:10,728 [Worker-3] WARN  o.e.m.c.i.embedder.EclipseLogger - Using platform encoding (Cp1252 actually) to copy filtered resources, i.e. build is platform dependent!
2020-06-27 09:51:10,728 [Worker-3] INFO  o.e.m.c.i.embedder.EclipseLogger - skip non existing resourceDirectory C:\Desenv\Projetos3\graficos\src\test\resources
2020-06-27 09:51:15,201 [Worker-9] WARN  o.e.m.c.i.embedder.EclipseLogger - Using platform encoding (Cp1252 actually) to copy filtered resources, i.e. build is platform dependent!
2020-06-27 09:51:15,203 [Worker-9] INFO  o.e.m.c.i.embedder.EclipseLogger - Copying 0 resource
2020-06-27 09:51:15,204 [Worker-9] WARN  o.e.m.c.i.embedder.EclipseLogger - Using platform encoding (Cp1252 actually) to copy filtered resources, i.e. build is platform dependent!
2020-06-27 09:51:15,205 [Worker-9] INFO  o.e.m.c.i.embedder.EclipseLogger - skip non existing resourceDirectory C:\Desenv\Projetos3\graficos\src\test\resources
2020-06-27 09:52:29,422 [Worker-3] WARN  o.e.m.c.i.embedder.EclipseLogger - Using platform encoding (Cp1252 actually) to copy filtered resources, i.e. build is platform dependent!
2020-06-27 09:52:29,735 [Worker-3] INFO  o.e.m.c.i.embedder.EclipseLogger - Copying 0 resource
2020-06-27 09:52:29,738 [Worker-3] WARN  o.e.m.c.i.embedder.EclipseLogger - Using platform encoding (Cp1252 actually) to copy filtered resources, i.e. build is platform dependent!
2020-06-27 09:52:29,738 [Worker-3] INFO  o.e.m.c.i.embedder.EclipseLogger - skip non existing resourceDirectory C:\Desenv\Projetos3\graficos\src\test\resources
2020-06-27 09:53:30,384 [Worker-12] WARN  o.e.m.c.i.embedder.EclipseLogger - Using platform encoding (Cp1252 actually) to copy filtered resources, i.e. build is platform dependent!
2020-06-27 09:53:30,385 [Worker-12] INFO  o.e.m.c.i.embedder.EclipseLogger - Copying 0 resource
2020-06-27 09:53:30,386 [Worker-12] WARN  o.e.m.c.i.embedder.EclipseLogger - Using platform encoding (Cp1252 actually) to copy filtered resources, i.e. build is platform dependent!
2020-06-27 09:53:30,387 [Worker-12] INFO  o.e.m.c.i.embedder.EclipseLogger - skip non existing resourceDirectory C:\Desenv\Projetos3\graficos\src\test\resources
2020-06-27 09:53:35,487 [Worker-9] WARN  o.e.m.c.i.embedder.EclipseLogger - Using platform encoding (Cp1252 actually) to copy filtered resources, i.e. build is platform dependent!
2020-06-27 09:53:35,489 [Worker-9] INFO  o.e.m.c.i.embedder.EclipseLogger - Copying 0 resource
2020-06-27 09:53:35,490 [Worker-9] WARN  o.e.m.c.i.embedder.EclipseLogger - Using platform encoding (Cp1252 actually) to copy filtered resources, i.e. build is platform dependent!
2020-06-27 09:53:35,490 [Worker-9] INFO  o.e.m.c.i.embedder.EclipseLogger - skip non existing resourceDirectory C:\Desenv\Projetos3\graficos\src\test\resources
2020-06-27 09:53:55,881 [Worker-12] WARN  o.e.m.c.i.embedder.EclipseLogger - Using platform encoding (Cp1252 actually) to copy filtered resources, i.e. build is platform dependent!
2020-06-27 09:53:55,882 [Worker-12] INFO  o.e.m.c.i.embedder.EclipseLogger - Copying 0 resource
2020-06-27 09:53:55,883 [Worker-12] WARN  o.e.m.c.i.embedder.EclipseLogger - Using platform encoding (Cp1252 actually) to copy filtered resources, i.e. build is platform dependent!
2020-06-27 09:53:55,884 [Worker-12] INFO  o.e.m.c.i.embedder.EclipseLogger - skip non existing resourceDirectory C:\Desenv\Projetos3\graficos\src\test\resources
2020-06-27 09:55:06,704 [Worker-26] WARN  o.e.m.c.i.embedder.EclipseLogger - Using platform encoding (Cp1252 actually) to copy filtered resources, i.e. build is platform dependent!
2020-06-27 09:55:06,706 [Worker-26] INFO  o.e.m.c.i.embedder.EclipseLogger - Copying 0 resource
2020-06-27 09:55:06,743 [Worker-26] WARN  o.e.m.c.i.embedder.EclipseLogger - Using platform encoding (Cp1252 actually) to copy filtered resources, i.e. build is platform dependent!
2020-06-27 09:55:06,743 [Worker-26] INFO  o.e.m.c.i.embedder.EclipseLogger - skip non existing resourceDirectory C:\Desenv\Projetos3\graficos\src\test\resources
2020-06-27 09:57:47,802 [Worker-22] WARN  o.e.m.c.i.embedder.EclipseLogger - Using platform encoding (Cp1252 actually) to copy filtered resources, i.e. build is platform dependent!
2020-06-27 09:57:47,803 [Worker-22] INFO  o.e.m.c.i.embedder.EclipseLogger - Copying 0 resource
2020-06-27 09:57:47,808 [Worker-22] WARN  o.e.m.c.i.embedder.EclipseLogger - Using platform encoding (Cp1252 actually) to copy filtered resources, i.e. build is platform dependent!
2020-06-27 09:57:47,810 [Worker-22] INFO  o.e.m.c.i.embedder.EclipseLogger - skip non existing resourceDirectory C:\Desenv\Projetos3\graficos\src\test\resources
2020-06-27 09:58:00,071 [Worker-27] WARN  o.e.m.c.i.embedder.EclipseLogger - Using platform encoding (Cp1252 actually) to copy filtered resources, i.e. build is platform dependent!
2020-06-27 09:58:00,073 [Worker-27] INFO  o.e.m.c.i.embedder.EclipseLogger - Copying 0 resource
2020-06-27 09:58:00,074 [Worker-27] WARN  o.e.m.c.i.embedder.EclipseLogger - Using platform encoding (Cp1252 actually) to copy filtered resources, i.e. build is platform dependent!
2020-06-27 09:58:00,075 [Worker-27] INFO  o.e.m.c.i.embedder.EclipseLogger - skip non existing resourceDirectory C:\Desenv\Projetos3\graficos\src\test\resources
2020-06-27 10:03:01,307 [Worker-10] WARN  o.e.m.c.i.embedder.EclipseLogger - Using platform encoding (Cp1252 actually) to copy filtered resources, i.e. build is platform dependent!
2020-06-27 10:03:01,322 [Worker-10] INFO  o.e.m.c.i.embedder.EclipseLogger - Copying 0 resource
2020-06-27 10:03:01,325 [Worker-10] WARN  o.e.m.c.i.embedder.EclipseLogger - Using platform encoding (Cp1252 actually) to copy filtered resources, i.e. build is platform dependent!
2020-06-27 10:03:01,326 [Worker-10] INFO  o.e.m.c.i.embedder.EclipseLogger - skip non existing resourceDirectory C:\Desenv\Projetos3\graficos\src\test\resources
2020-06-27 10:05:44,056 [Worker-10] INFO  o.e.m.w.i.f.ResourceFilteringBuildParticipant - Cleaning filtered folder for graficos
2020-06-27 10:05:44,813 [Worker-27] WARN  o.e.m.c.i.embedder.EclipseLogger - Using platform encoding (Cp1252 actually) to copy filtered resources, i.e. build is platform dependent!
2020-06-27 10:05:44,815 [Worker-27] INFO  o.e.m.c.i.embedder.EclipseLogger - Copying 0 resource
2020-06-27 10:05:44,816 [Worker-27] WARN  o.e.m.c.i.embedder.EclipseLogger - Using platform encoding (Cp1252 actually) to copy filtered resources, i.e. build is platform dependent!
2020-06-27 10:05:44,816 [Worker-27] INFO  o.e.m.c.i.embedder.EclipseLogger - skip non existing resourceDirectory C:\Desenv\Projetos3\graficos\src\test\resources
2020-06-27 10:05:44,816 [Worker-27] INFO  o.e.m.w.i.f.ResourceFilteringBuildParticipant - Changed resources require a complete clean of filtered resources of graficos
2020-06-27 10:05:44,817 [Worker-27] INFO  o.e.m.w.i.f.ResourceFilteringBuildParticipant - Executing resource filtering for graficos
2020-06-27 10:05:44,841 [Worker-27] WARN  o.e.m.c.i.embedder.EclipseLogger - Using platform encoding (Cp1252 actually) to copy filtered resources, i.e. build is platform dependent!
2020-06-27 10:06:52,520 [Worker-21] WARN  o.e.m.c.i.embedder.EclipseLogger - Using platform encoding (Cp1252 actually) to copy filtered resources, i.e. build is platform dependent!
2020-06-27 10:06:52,522 [Worker-21] INFO  o.e.m.c.i.embedder.EclipseLogger - Copying 0 resource
2020-06-27 10:06:52,523 [Worker-21] WARN  o.e.m.c.i.embedder.EclipseLogger - Using platform encoding (Cp1252 actually) to copy filtered resources, i.e. build is platform dependent!
2020-06-27 10:06:52,524 [Worker-21] INFO  o.e.m.c.i.embedder.EclipseLogger - skip non existing resourceDirectory C:\Desenv\Projetos3\graficos\src\test\resources
2020-06-27 10:09:16,056 [Worker-4] WARN  o.e.m.c.i.embedder.EclipseLogger - Using platform encoding (Cp1252 actually) to copy filtered resources, i.e. build is platform dependent!
2020-06-27 10:09:16,076 [Worker-4] INFO  o.e.m.c.i.embedder.EclipseLogger - Copying 0 resource
2020-06-27 10:09:16,079 [Worker-4] WARN  o.e.m.c.i.embedder.EclipseLogger - Using platform encoding (Cp1252 actually) to copy filtered resources, i.e. build is platform dependent!
2020-06-27 10:09:16,080 [Worker-4] INFO  o.e.m.c.i.embedder.EclipseLogger - skip non existing resourceDirectory C:\Desenv\Projetos3\graficos\src\test\resources
2020-06-27 10:16:08,868 [Worker-30] WARN  o.e.m.c.i.embedder.EclipseLogger - Using platform encoding (Cp1252 actually) to copy filtered resources, i.e. build is platform dependent!
2020-06-27 10:16:08,876 [Worker-30] INFO  o.e.m.c.i.embedder.EclipseLogger - Copying 0 resource
2020-06-27 10:16:08,878 [Worker-30] WARN  o.e.m.c.i.embedder.EclipseLogger - Using platform encoding (Cp1252 actually) to copy filtered resources, i.e. build is platform dependent!
2020-06-27 10:16:08,878 [Worker-30] INFO  o.e.m.c.i.embedder.EclipseLogger - skip non existing resourceDirectory C:\Desenv\Projetos3\graficos\src\test\resources
2020-06-27 10:25:09,057 [Worker-13] WARN  o.e.m.c.i.embedder.EclipseLogger - Using platform encoding (Cp1252 actually) to copy filtered resources, i.e. build is platform dependent!
2020-06-27 10:25:09,085 [Worker-13] INFO  o.e.m.c.i.embedder.EclipseLogger - Copying 0 resource
2020-06-27 10:25:09,089 [Worker-13] WARN  o.e.m.c.i.embedder.EclipseLogger - Using platform encoding (Cp1252 actually) to copy filtered resources, i.e. build is platform dependent!
2020-06-27 10:25:09,092 [Worker-13] INFO  o.e.m.c.i.embedder.EclipseLogger - skip non existing resourceDirectory C:\Desenv\Projetos3\graficos\src\test\resources
2020-06-27 10:25:45,738 [Worker-29] INFO  o.e.m.c.i.l.LifecycleMappingFactory - Using org.maven.ide.eclipse.wtp.WarLifecycleMapping lifecycle mapping for MavenProject: com.lima:graficos:0.0.1-SNAPSHOT @ C:\Desenv\Projetos3\graficos\pom.xml.
2020-06-27 10:25:46,471 [Worker-29] WARN  o.e.m.c.i.embedder.EclipseLogger - Using platform encoding (Cp1252 actually) to copy filtered resources, i.e. build is platform dependent!
2020-06-27 10:25:46,474 [Worker-29] INFO  o.e.m.c.i.embedder.EclipseLogger - Copying 0 resource
2020-06-27 10:25:46,475 [Worker-29] WARN  o.e.m.c.i.embedder.EclipseLogger - Using platform encoding (Cp1252 actually) to copy filtered resources, i.e. build is platform dependent!
2020-06-27 10:25:46,475 [Worker-29] INFO  o.e.m.c.i.embedder.EclipseLogger - skip non existing resourceDirectory C:\Desenv\Projetos3\graficos\src\test\resources
2020-06-27 10:25:46,475 [Worker-29] INFO  o.e.m.w.i.f.ResourceFilteringBuildParticipant - Changed resources require a complete clean of filtered resources of graficos
2020-06-27 10:25:46,477 [Worker-29] INFO  o.e.m.w.i.f.ResourceFilteringBuildParticipant - Executing resource filtering for graficos
2020-06-27 10:25:46,481 [Worker-29] WARN  o.e.m.c.i.embedder.EclipseLogger - Using platform encoding (Cp1252 actually) to copy filtered resources, i.e. build is platform dependent!
2020-06-27 10:25:48,830 [Worker-31] WARN  o.e.m.c.i.embedder.EclipseLogger - Using platform encoding (Cp1252 actually) to copy filtered resources, i.e. build is platform dependent!
2020-06-27 10:25:49,020 [Worker-31] INFO  o.e.m.c.i.embedder.EclipseLogger - Copying 0 resource
2020-06-27 10:25:49,022 [Worker-31] WARN  o.e.m.c.i.embedder.EclipseLogger - Using platform encoding (Cp1252 actually) to copy filtered resources, i.e. build is platform dependent!
2020-06-27 10:25:49,022 [Worker-31] INFO  o.e.m.c.i.embedder.EclipseLogger - skip non existing resourceDirectory C:\Desenv\Projetos3\graficos\src\test\resources
2020-06-27 10:27:16,206 [Worker-30] WARN  o.e.m.c.i.embedder.EclipseLogger - Using platform encoding (Cp1252 actually) to copy filtered resources, i.e. build is platform dependent!
2020-06-27 10:27:16,208 [Worker-30] INFO  o.e.m.c.i.embedder.EclipseLogger - Copying 0 resource
2020-06-27 10:27:16,209 [Worker-30] WARN  o.e.m.c.i.embedder.EclipseLogger - Using platform encoding (Cp1252 actually) to copy filtered resources, i.e. build is platform dependent!
2020-06-27 10:27:16,209 [Worker-30] INFO  o.e.m.c.i.embedder.EclipseLogger - skip non existing resourceDirectory C:\Desenv\Projetos3\graficos\src\test\resources
2020-06-27 10:40:36,919 [Worker-37] WARN  o.e.m.c.i.embedder.EclipseLogger - Using platform encoding (Cp1252 actually) to copy filtered resources, i.e. build is platform dependent!
2020-06-27 10:40:36,920 [Worker-37] INFO  o.e.m.c.i.embedder.EclipseLogger - Copying 0 resource
2020-06-27 10:40:36,921 [Worker-37] WARN  o.e.m.c.i.embedder.EclipseLogger - Using platform encoding (Cp1252 actually) to copy filtered resources, i.e. build is platform dependent!
2020-06-27 10:40:36,921 [Worker-37] INFO  o.e.m.c.i.embedder.EclipseLogger - skip non existing resourceDirectory C:\Desenv\Projetos3\graficos\src\test\resources
2020-06-27 10:42:31,161 [Worker-37] WARN  o.e.r.models.ModelRepository - Failed to download org.eclipse.recommenders:index::zip:0.0.0
org.eclipse.aether.resolution.ArtifactResolutionException: Could not find artifact org.eclipse.recommenders:index:zip:0.0.0-SNAPSHOT in models (http://download.eclipse.org/recommenders/models/neon/)
	at org.eclipse.aether.internal.impl.DefaultArtifactResolver.resolve(DefaultArtifactResolver.java:444) ~[na:na]
	at org.eclipse.aether.internal.impl.DefaultArtifactResolver.resolveArtifacts(DefaultArtifactResolver.java:246) ~[na:na]
	at org.eclipse.aether.internal.impl.DefaultArtifactResolver.resolveArtifact(DefaultArtifactResolver.java:223) ~[na:na]
	at org.eclipse.aether.internal.impl.DefaultRepositorySystem.resolveArtifact(DefaultRepositorySystem.java:294) ~[na:na]
	at org.eclipse.recommenders.models.ModelRepository.resolveInternal(ModelRepository.java:193) [org.eclipse.recommenders.models_2.4.6.v20170307-1041.jar:na]
	at org.eclipse.recommenders.models.ModelRepository.resolve(ModelRepository.java:172) [org.eclipse.recommenders.models_2.4.6.v20170307-1041.jar:na]
	at org.eclipse.recommenders.internal.models.rcp.EclipseModelRepository.resolve(EclipseModelRepository.java:169) [org.eclipse.recommenders.models.rcp_2.4.6.v20170307-1041.jar:na]
	at org.eclipse.recommenders.internal.models.rcp.DownloadModelArchiveJob.run(DownloadModelArchiveJob.java:76) [org.eclipse.recommenders.models.rcp_2.4.6.v20170307-1041.jar:na]
	at org.eclipse.core.internal.jobs.Worker.run(Worker.java:55) [org.eclipse.core.jobs_3.8.0.v20160509-0411.jar:na]
Caused by: org.eclipse.aether.transfer.ArtifactNotFoundException: Could not find artifact org.eclipse.recommenders:index:zip:0.0.0-SNAPSHOT in models (http://download.eclipse.org/recommenders/models/neon/)
	at org.eclipse.aether.connector.basic.ArtifactTransportListener.transferFailed(ArtifactTransportListener.java:39) ~[org.eclipse.aether.connector.basic_1.0.1.v20141111.jar:na]
	at org.eclipse.aether.connector.basic.BasicRepositoryConnector$TaskRunner.run(BasicRepositoryConnector.java:355) ~[org.eclipse.aether.connector.basic_1.0.1.v20141111.jar:na]
	at org.eclipse.aether.util.concurrency.RunnableErrorForwarder$1.run(RunnableErrorForwarder.java:67) ~[na:na]
	at org.eclipse.aether.connector.basic.BasicRepositoryConnector$DirectExecutor.execute(BasicRepositoryConnector.java:581) ~[org.eclipse.aether.connector.basic_1.0.1.v20141111.jar:na]
	at org.eclipse.aether.connector.basic.BasicRepositoryConnector.get(BasicRepositoryConnector.java:249) ~[org.eclipse.aether.connector.basic_1.0.1.v20141111.jar:na]
	at org.eclipse.aether.internal.impl.DefaultArtifactResolver.performDownloads(DefaultArtifactResolver.java:520) ~[na:na]
	at org.eclipse.aether.internal.impl.DefaultArtifactResolver.resolve(DefaultArtifactResolver.java:421) ~[na:na]
	... 8 common frames omitted
2020-06-27 10:43:24,850 [Worker-40] WARN  o.e.m.c.i.embedder.EclipseLogger - Using platform encoding (Cp1252 actually) to copy filtered resources, i.e. build is platform dependent!
2020-06-27 10:43:24,851 [Worker-40] INFO  o.e.m.c.i.embedder.EclipseLogger - Copying 0 resource
2020-06-27 10:43:24,852 [Worker-40] WARN  o.e.m.c.i.embedder.EclipseLogger - Using platform encoding (Cp1252 actually) to copy filtered resources, i.e. build is platform dependent!
2020-06-27 10:43:24,853 [Worker-40] INFO  o.e.m.c.i.embedder.EclipseLogger - skip non existing resourceDirectory C:\Desenv\Projetos3\graficos\src\test\resources
2020-06-27 10:45:57,965 [Worker-40] WARN  o.e.m.c.i.embedder.EclipseLogger - Using platform encoding (Cp1252 actually) to copy filtered resources, i.e. build is platform dependent!
2020-06-27 10:45:57,966 [Worker-40] INFO  o.e.m.c.i.embedder.EclipseLogger - Copying 0 resource
2020-06-27 10:45:57,968 [Worker-40] WARN  o.e.m.c.i.embedder.EclipseLogger - Using platform encoding (Cp1252 actually) to copy filtered resources, i.e. build is platform dependent!
2020-06-27 10:45:57,968 [Worker-40] INFO  o.e.m.c.i.embedder.EclipseLogger - skip non existing resourceDirectory C:\Desenv\Projetos3\graficos\src\test\resources
2020-06-27 10:47:04,674 [Worker-41] WARN  o.e.m.c.i.embedder.EclipseLogger - Using platform encoding (Cp1252 actually) to copy filtered resources, i.e. build is platform dependent!
2020-06-27 10:47:04,676 [Worker-41] INFO  o.e.m.c.i.embedder.EclipseLogger - Copying 0 resource
2020-06-27 10:47:04,677 [Worker-41] WARN  o.e.m.c.i.embedder.EclipseLogger - Using platform encoding (Cp1252 actually) to copy filtered resources, i.e. build is platform dependent!
2020-06-27 10:47:04,678 [Worker-41] INFO  o.e.m.c.i.embedder.EclipseLogger - skip non existing resourceDirectory C:\Desenv\Projetos3\graficos\src\test\resources
2020-06-27 10:49:14,129 [Worker-46] WARN  o.e.m.c.i.embedder.EclipseLogger - Using platform encoding (Cp1252 actually) to copy filtered resources, i.e. build is platform dependent!
2020-06-27 10:49:14,130 [Worker-46] INFO  o.e.m.c.i.embedder.EclipseLogger - Copying 0 resource
2020-06-27 10:49:14,130 [Worker-46] WARN  o.e.m.c.i.embedder.EclipseLogger - Using platform encoding (Cp1252 actually) to copy filtered resources, i.e. build is platform dependent!
2020-06-27 10:49:14,131 [Worker-46] INFO  o.e.m.c.i.embedder.EclipseLogger - skip non existing resourceDirectory C:\Desenv\Projetos3\graficos\src\test\resources
2020-06-27 10:52:11,431 [Worker-49] WARN  o.e.m.c.i.embedder.EclipseLogger - Using platform encoding (Cp1252 actually) to copy filtered resources, i.e. build is platform dependent!
2020-06-27 10:52:11,432 [Worker-49] INFO  o.e.m.c.i.embedder.EclipseLogger - Copying 0 resource
2020-06-27 10:52:11,433 [Worker-49] WARN  o.e.m.c.i.embedder.EclipseLogger - Using platform encoding (Cp1252 actually) to copy filtered resources, i.e. build is platform dependent!
2020-06-27 10:52:11,433 [Worker-49] INFO  o.e.m.c.i.embedder.EclipseLogger - skip non existing resourceDirectory C:\Desenv\Projetos3\graficos\src\test\resources
2020-06-27 10:52:50,283 [Worker-44] WARN  o.e.m.c.i.embedder.EclipseLogger - Using platform encoding (Cp1252 actually) to copy filtered resources, i.e. build is platform dependent!
2020-06-27 10:52:50,285 [Worker-44] INFO  o.e.m.c.i.embedder.EclipseLogger - Copying 0 resource
2020-06-27 10:52:50,286 [Worker-44] WARN  o.e.m.c.i.embedder.EclipseLogger - Using platform encoding (Cp1252 actually) to copy filtered resources, i.e. build is platform dependent!
2020-06-27 10:52:50,286 [Worker-44] INFO  o.e.m.c.i.embedder.EclipseLogger - skip non existing resourceDirectory C:\Desenv\Projetos3\graficos\src\test\resources
2020-06-27 10:55:00,928 [Worker-48] WARN  o.e.m.c.i.embedder.EclipseLogger - Using platform encoding (Cp1252 actually) to copy filtered resources, i.e. build is platform dependent!
2020-06-27 10:55:00,929 [Worker-48] INFO  o.e.m.c.i.embedder.EclipseLogger - Copying 0 resource
2020-06-27 10:55:00,929 [Worker-48] WARN  o.e.m.c.i.embedder.EclipseLogger - Using platform encoding (Cp1252 actually) to copy filtered resources, i.e. build is platform dependent!
2020-06-27 10:55:00,930 [Worker-48] INFO  o.e.m.c.i.embedder.EclipseLogger - skip non existing resourceDirectory C:\Desenv\Projetos3\graficos\src\test\resources
2020-06-27 10:57:15,476 [Worker-50] WARN  o.e.m.c.i.embedder.EclipseLogger - Using platform encoding (Cp1252 actually) to copy filtered resources, i.e. build is platform dependent!
2020-06-27 10:57:15,478 [Worker-50] INFO  o.e.m.c.i.embedder.EclipseLogger - Copying 0 resource
2020-06-27 10:57:15,479 [Worker-50] WARN  o.e.m.c.i.embedder.EclipseLogger - Using platform encoding (Cp1252 actually) to copy filtered resources, i.e. build is platform dependent!
2020-06-27 10:57:15,479 [Worker-50] INFO  o.e.m.c.i.embedder.EclipseLogger - skip non existing resourceDirectory C:\Desenv\Projetos3\graficos\src\test\resources
2020-06-27 10:58:31,978 [Worker-48] WARN  o.e.m.c.i.embedder.EclipseLogger - Using platform encoding (Cp1252 actually) to copy filtered resources, i.e. build is platform dependent!
2020-06-27 10:58:31,979 [Worker-48] INFO  o.e.m.c.i.embedder.EclipseLogger - Copying 0 resource
2020-06-27 10:58:31,979 [Worker-48] WARN  o.e.m.c.i.embedder.EclipseLogger - Using platform encoding (Cp1252 actually) to copy filtered resources, i.e. build is platform dependent!
2020-06-27 10:58:31,980 [Worker-48] INFO  o.e.m.c.i.embedder.EclipseLogger - skip non existing resourceDirectory C:\Desenv\Projetos3\graficos\src\test\resources
2020-06-27 11:00:37,493 [Worker-44] WARN  o.e.m.c.i.embedder.EclipseLogger - Using platform encoding (Cp1252 actually) to copy filtered resources, i.e. build is platform dependent!
2020-06-27 11:00:37,494 [Worker-44] INFO  o.e.m.c.i.embedder.EclipseLogger - Copying 0 resource
2020-06-27 11:00:37,494 [Worker-44] WARN  o.e.m.c.i.embedder.EclipseLogger - Using platform encoding (Cp1252 actually) to copy filtered resources, i.e. build is platform dependent!
2020-06-27 11:00:37,495 [Worker-44] INFO  o.e.m.c.i.embedder.EclipseLogger - skip non existing resourceDirectory C:\Desenv\Projetos3\graficos\src\test\resources
2020-06-27 11:01:40,424 [Worker-48] WARN  o.e.m.c.i.embedder.EclipseLogger - Using platform encoding (Cp1252 actually) to copy filtered resources, i.e. build is platform dependent!
2020-06-27 11:01:40,425 [Worker-48] INFO  o.e.m.c.i.embedder.EclipseLogger - Copying 0 resource
2020-06-27 11:01:40,427 [Worker-48] WARN  o.e.m.c.i.embedder.EclipseLogger - Using platform encoding (Cp1252 actually) to copy filtered resources, i.e. build is platform dependent!
2020-06-27 11:01:40,428 [Worker-48] INFO  o.e.m.c.i.embedder.EclipseLogger - skip non existing resourceDirectory C:\Desenv\Projetos3\graficos\src\test\resources
2020-06-27 11:03:41,598 [Worker-48] WARN  o.e.m.c.i.embedder.EclipseLogger - Using platform encoding (Cp1252 actually) to copy filtered resources, i.e. build is platform dependent!
2020-06-27 11:03:41,599 [Worker-48] INFO  o.e.m.c.i.embedder.EclipseLogger - Copying 0 resource
2020-06-27 11:03:41,603 [Worker-48] WARN  o.e.m.c.i.embedder.EclipseLogger - Using platform encoding (Cp1252 actually) to copy filtered resources, i.e. build is platform dependent!
2020-06-27 11:03:41,603 [Worker-48] INFO  o.e.m.c.i.embedder.EclipseLogger - skip non existing resourceDirectory C:\Desenv\Projetos3\graficos\src\test\resources
2020-06-27 11:08:35,068 [Worker-44] WARN  o.e.m.c.i.embedder.EclipseLogger - Using platform encoding (Cp1252 actually) to copy filtered resources, i.e. build is platform dependent!
2020-06-27 11:08:35,071 [Worker-44] INFO  o.e.m.c.i.embedder.EclipseLogger - Copying 0 resource
2020-06-27 11:08:35,072 [Worker-44] WARN  o.e.m.c.i.embedder.EclipseLogger - Using platform encoding (Cp1252 actually) to copy filtered resources, i.e. build is platform dependent!
2020-06-27 11:08:35,072 [Worker-44] INFO  o.e.m.c.i.embedder.EclipseLogger - skip non existing resourceDirectory C:\Desenv\Projetos3\graficos\src\test\resources
